2026-01-27 17:53:54,637 : INFO : root : Loading config.
2026-01-27 17:53:54,641 : INFO : YamlMultifileConfigLoader : Machine config file #1: config.yaml
2026-01-27 17:53:54,641 : INFO : ConfigProcessor : Loading config from file D:\venvs\mpf0.80\Lib\site-packages\mpf\mpfconfig.yaml.
2026-01-27 17:53:54,720 : INFO : ConfigProcessor : Loading config: D:\venvs\mpf0.80\Lib\site-packages\mpf\mpfconfig.yaml
2026-01-27 17:53:54,721 : INFO : ConfigProcessor : Loading config from file D:\CHUDA$HY PROJECT\LMDD\config\config.yaml.
2026-01-27 17:53:54,723 : INFO : ConfigProcessor : Loading config: D:\CHUDA$HY PROJECT\LMDD\config\config.yaml
2026-01-27 17:53:54,725 : INFO : ConfigProcessor : Config file cache created: C:\Users\gpakel\AppData\Local\Temp\ee949f0091e852a94d4a958763d23cff.mpf_cache
2026-01-27 17:53:54,838 : INFO : ConfigProcessor : Loading config from file D:\venvs\mpf0.80\Lib\site-packages\mpf\modes\attract\config\attract.yaml.
2026-01-27 17:53:54,851 : INFO : ConfigProcessor : Loading config: D:\venvs\mpf0.80\Lib\site-packages\mpf\modes\attract\config\attract.yaml
2026-01-27 17:53:54,851 : INFO : ConfigProcessor : Loading config from file D:\CHUDA$HY PROJECT\LMDD\modes\attract\config\attract.yaml.
2026-01-27 17:53:54,862 : INFO : ConfigProcessor : Loading config: D:\CHUDA$HY PROJECT\LMDD\modes\attract\config\attract.yaml
2026-01-27 17:53:54,863 : INFO : ConfigProcessor : Config file cache created: C:\Users\gpakel\AppData\Local\Temp\eaaa6c491fd1a3755c7407515f8793be.mpf_cache
2026-01-27 17:53:54,864 : INFO : ConfigProcessor : Loading config from cache: C:\Users\gpakel\AppData\Local\Temp\87ee46430eb00a74cd6915577ae3d0f3.mpf_cache
2026-01-27 17:53:54,864 : INFO : ConfigProcessor : Loading config from cache: C:\Users\gpakel\AppData\Local\Temp\eaaa6c491fd1a3755c7407515f8793be.mpf_cache
2026-01-27 17:53:54,866 : INFO : ConfigProcessor : Loading config from file D:\CHUDA$HY PROJECT\LMDD\modes\base\config\base.yaml.
2026-01-27 17:53:54,878 : INFO : ConfigProcessor : Loading config: D:\CHUDA$HY PROJECT\LMDD\modes\base\config\base.yaml
2026-01-27 17:53:54,879 : INFO : ConfigProcessor : Config file cache created: C:\Users\gpakel\AppData\Local\Temp\3d5e26a5c132e5e2f68538dc024b06cf.mpf_cache
2026-01-27 17:53:54,880 : INFO : Machine : Mission Pinball Framework Core Engine v0.80.0.dev12
2026-01-27 17:53:54,880 : INFO : Machine : Command line arguments: {'no_load_cache': False, 'create_config_cache': True, 'bcp': False, 'configfile': ['config.yaml'], 'force_assets_load': False, 'platform_integration_test': False, 'jsonlogging': False, 'logfile': 'logs\\2026-01-27-17-53-54-mpf-pcgp.log', 'pause': False, 'production': False, 'text_ui': False, 'loglevel': 15, 'consoleloglevel': 20, 'force_platform': 'virtual', 'syslog_address': None, 'full_logfile_path': 'D:\\CHUDA$HY PROJECT\\LMDD\\logs\\2026-01-27-17-53-54-mpf-pcgp.log'}
2026-01-27 17:53:54,880 : INFO : Machine : MPF path: D:\venvs\mpf0.80\Lib\site-packages\mpf
2026-01-27 17:53:54,880 : INFO : Machine : Machine path: D:\CHUDA$HY PROJECT\LMDD
2026-01-27 17:53:54,881 : INFO : Machine : Platform: win32
2026-01-27 17:53:54,881 : INFO : Machine : Python executable location: D:\venvs\mpf0.80\Scripts\python.exe
2026-01-27 17:53:54,881 : INFO : Machine : Python version: 3.13.11 (64-bit)
2026-01-27 17:53:54,883 : INFO : Machine : Initializing MPF...
2026-01-27 17:53:54,980 : INFO : EventManager : Event: ======'machine_var_credits_string'====== Args={'value': 'FREE PLAY', 'prev_value': None, 'change': True}
2026-01-27 17:53:55,004 : INFO : EventManager : Event: ======'machine_var_master_volume'====== Args={'value': 0.5, 'prev_value': None, 'change': True}
2026-01-27 17:53:55,004 : INFO : EventManager : Event: ======'machine_var_mpf_version'====== Args={'value': 'Mission Pinball Framework v0.80.0.dev12', 'prev_value': None, 'change': True}
2026-01-27 17:53:55,004 : INFO : EventManager : Event: ======'machine_var_mpf_extended_version'====== Args={'value': 'Mission Pinball Framework v0.80.0.dev12, Config version:6, Show version: 6, BCP version:1.1', 'prev_value': None, 'change': True}
2026-01-27 17:53:55,004 : INFO : EventManager : Event: ======'machine_var_python_version'====== Args={'value': '3.13.11', 'prev_value': None, 'change': True}
2026-01-27 17:53:55,047 : INFO : EventManager : Event: ======'machine_var_platform'====== Args={'value': 'Windows-10-10.0.19044-SP0', 'prev_value': None, 'change': True}
2026-01-27 17:53:55,048 : INFO : EventManager : Event: ======'machine_var_platform_system'====== Args={'value': 'Windows', 'prev_value': None, 'change': True}
2026-01-27 17:53:55,048 : INFO : EventManager : Event: ======'machine_var_platform_release'====== Args={'value': '10', 'prev_value': None, 'change': True}
2026-01-27 17:53:55,048 : INFO : EventManager : Event: ======'machine_var_platform_version'====== Args={'value': '10.0.19044', 'prev_value': None, 'change': True}
2026-01-27 17:53:55,048 : INFO : EventManager : Event: ======'machine_var_platform_machine'====== Args={'value': 'AMD64', 'prev_value': None, 'change': True}
2026-01-27 17:53:55,048 : INFO : EventManager : Event: ======'machine_var_log_file_path'====== Args={'value': 'D:\\CHUDA$HY PROJECT\\LMDD\\logs\\2026-01-27-17-53-54-mpf-pcgp.log', 'prev_value': None, 'change': True}
2026-01-27 17:53:55,048 : INFO : EventManager : Event: ======'init_phase_1'====== Args={}
2026-01-27 17:53:55,063 : INFO : EventManager : Event: ======'init_phase_2'====== Args={}
2026-01-27 17:53:55,071 : INFO : EventManager : Event: ======'init_phase_3'====== Args={}
2026-01-27 17:53:55,072 : INFO : EventManager : Event: ======'init_phase_4'====== Args={}
2026-01-27 17:53:55,074 : INFO : EventManager : Event: ======'machine_var_audits_events_game_started'====== Args={'value': 0, 'prev_value': None, 'change': True}
2026-01-27 17:53:55,074 : INFO : EventManager : Event: ======'machine_var_audits_events_game_ended'====== Args={'value': 0, 'prev_value': None, 'change': True}
2026-01-27 17:53:55,074 : INFO : EventManager : Event: ======'machine_var_audits_player_score'====== Args={'value': {'top': [], 'average': 0, 'total': 0}, 'prev_value': None, 'change': True}
2026-01-27 17:53:55,074 : INFO : EventManager : Event: ======'init_phase_5'====== Args={}
2026-01-27 17:53:55,074 : INFO : EventManager : Event: ======'init_done'====== Args={}
2026-01-27 17:53:55,074 : INFO : EventManager : Event: ======'machine_reset_phase_1'====== Args={}
2026-01-27 17:53:55,075 : INFO : EventManager : Event: ======'machine_reset_phase_2'====== Args={}
2026-01-27 17:53:55,075 : INFO : EventManager : Event: ======'machine_reset_phase_3'====== Args={}
2026-01-27 17:53:55,075 : INFO : EventManager : Event: ======'reset_complete'====== Args={}
2026-01-27 17:53:55,075 : INFO : EventManager : Event: ======'mode_attract_will_start'====== Args={}
2026-01-27 17:53:55,075 : INFO : EventManager : Event: ======'mode_attract_starting'====== Args={}
2026-01-27 17:53:55,075 : INFO : Mode.attract : Started. Priority: 10
2026-01-27 17:53:55,075 : INFO : EventManager : Event: ======'modes_active_modes_changed'====== Args={}
2026-01-27 17:53:55,075 : INFO : EventManager : Event: ======'mode_attract_started'====== Args={}
2026-01-27 17:53:55,076 : INFO : EventManager : Event: ======'collecting_balls_complete'====== Args={}
2026-01-27 17:53:55,076 : INFO : Machine : Starting the main run loop with active modes: [<Mode.attract>]
2026-01-27 17:53:57,063 : INFO : Machine : Shutting down...
2026-01-27 17:53:57,063 : INFO : EventManager : Event: ======'shutdown'====== Args={}
2026-01-27 17:53:57,066 : INFO : root : MPF run loop ended.
